The system is: Windows - 10.0.22000 - AMD64
Compiling the C compiler identification source file "CMakeCCompilerId.c" succeeded.
Compiler: C:/Program Files (x86)/Microsoft Visual Studio/2019/Community/VC/Tools/MSVC/14.29.30133/bin/Hostx86/x86/cl.exe 
Build flags: 
Id flags:  

The output was:
0
Microsoft (R) C/C++ Optimizing Compiler versione 19.29.30133 per x86
Copyright (C) Microsoft Corporation. Tutti i diritti  sono riservati.

CMakeCCompilerId.c
Microsoft (R) Incremental Linker Version 14.29.30133.0
Copyright (C) Microsoft Corporation.  All rights reserved.

/out:CMakeCCompilerId.exe 
CMakeCCompilerId.obj 


Compilation of the C compiler identification source "CMakeCCompilerId.c" produced "CMakeCCompilerId.exe"

Compilation of the C compiler identification source "CMakeCCompilerId.c" produced "CMakeCCompilerId.obj"

The C compiler identification is MSVC, found in "C:/Users/AnonymousGCA/CLionProjects/Algoritmi_scuola/C++/Verifica/cmake-build-debug/CMakeFiles/3.20.2/CompilerIdC/CMakeCCompilerId.exe"

Compiling the CXX compiler identification source file "CMakeCXXCompilerId.cpp" succeeded.
Compiler: C:/Program Files (x86)/Microsoft Visual Studio/2019/Community/VC/Tools/MSVC/14.29.30133/bin/Hostx86/x86/cl.exe 
Build flags: 
Id flags:  

The output was:
0
Microsoft (R) C/C++ Optimizing Compiler versione 19.29.30133 per x86
Copyright (C) Microsoft Corporation. Tutti i diritti  sono riservati.

CMakeCXXCompilerId.cpp
Microsoft (R) Incremental Linker Version 14.29.30133.0
Copyright (C) Microsoft Corporation.  All rights reserved.

/out:CMakeCXXCompilerId.exe 
CMakeCXXCompilerId.obj 


Compilation of the CXX compiler identification source "CMakeCXXCompilerId.cpp" produced "CMakeCXXCompilerId.exe"

Compilation of the CXX compiler identification source "CMakeCXXCompilerId.cpp" produced "CMakeCXXCompilerId.obj"

The CXX compiler identification is MSVC, found in "C:/Users/AnonymousGCA/CLionProjects/Algoritmi_scuola/C++/Verifica/cmake-build-debug/CMakeFiles/3.20.2/CompilerIdCXX/CMakeCXXCompilerId.exe"

Detecting C compiler ABI info compiled with the following output:
Change Dir: C:/Users/AnonymousGCA/CLionProjects/Algoritmi_scuola/C++/Verifica/cmake-build-debug/CMakeFiles/CMakeTmp

Run Build Command(s):nmake -f Makefile /nologo cmTC_2ac4c\fast && 	"C:\Program Files (x86)\Microsoft Visual Studio\2019\Community\VC\Tools\MSVC\14.29.30133\bin\HostX86\x86\nmake.exe"  -f CMakeFiles\cmTC_2ac4c.dir\build.make /nologo -L                  CMakeFiles\cmTC_2ac4c.dir\build
Building C object CMakeFiles/cmTC_2ac4c.dir/CMakeCCompilerABI.c.obj
	C:\Users\AnonymousGCA\AppData\Local\JetBrains\Toolbox\apps\CLion\ch-0\212.5284.51\bin\cmake\win\bin\cmake.exe -E cmake_cl_compile_depends --dep-file=CMakeFiles\cmTC_2ac4c.dir\CMakeCCompilerABI.c.obj.d --working-dir=C:\Users\AnonymousGCA\CLionProjects\Algoritmi_scuola\C++\Verifica\cmake-build-debug\CMakeFiles\CMakeTmp --filter-prefix="" -- C:\PROGRA~2\MICROS~4\2019\COMMUN~1\VC\Tools\MSVC\1429~1.301\bin\Hostx86\x86\cl.exe @C:\Users\ANONYM~1\AppData\Local\Temp\nm1493.tmp
Linking C executable cmTC_2ac4c.exe
	C:\Users\AnonymousGCA\AppData\Local\JetBrains\Toolbox\apps\CLion\ch-0\212.5284.51\bin\cmake\win\bin\cmake.exe -E vs_link_exe --intdir=CMakeFiles\cmTC_2ac4c.dir --rc=C:\PROGRA~2\WI3CF2~1\10\bin\100190~1.0\x86\rc.exe --mt=C:\PROGRA~2\WI3CF2~1\10\bin\100190~1.0\x86\mt.exe --manifests -- C:\PROGRA~2\MICROS~4\2019\COMMUN~1\VC\Tools\MSVC\1429~1.301\bin\Hostx86\x86\link.exe /nologo @CMakeFiles\cmTC_2ac4c.dir\objects1.rsp @C:\Users\ANONYM~1\AppData\Local\Temp\nm1697.tmp



Detecting CXX compiler ABI info compiled with the following output:
Change Dir: C:/Users/AnonymousGCA/CLionProjects/Algoritmi_scuola/C++/Verifica/cmake-build-debug/CMakeFiles/CMakeTmp

Run Build Command(s):nmake -f Makefile /nologo cmTC_ff542\fast && 	"C:\Program Files (x86)\Microsoft Visual Studio\2019\Community\VC\Tools\MSVC\14.29.30133\bin\HostX86\x86\nmake.exe"  -f CMakeFiles\cmTC_ff542.dir\build.make /nologo -L                  CMakeFiles\cmTC_ff542.dir\build
Building CXX object CMakeFiles/cmTC_ff542.dir/CMakeCXXCompilerABI.cpp.obj
	C:\Users\AnonymousGCA\AppData\Local\JetBrains\Toolbox\apps\CLion\ch-0\212.5284.51\bin\cmake\win\bin\cmake.exe -E cmake_cl_compile_depends --dep-file=CMakeFiles\cmTC_ff542.dir\CMakeCXXCompilerABI.cpp.obj.d --working-dir=C:\Users\AnonymousGCA\CLionProjects\Algoritmi_scuola\C++\Verifica\cmake-build-debug\CMakeFiles\CMakeTmp --filter-prefix="" -- C:\PROGRA~2\MICROS~4\2019\COMMUN~1\VC\Tools\MSVC\1429~1.301\bin\Hostx86\x86\cl.exe @C:\Users\ANONYM~1\AppData\Local\Temp\nm1AAD.tmp
Linking CXX executable cmTC_ff542.exe
	C:\Users\AnonymousGCA\AppData\Local\JetBrains\Toolbox\apps\CLion\ch-0\212.5284.51\bin\cmake\win\bin\cmake.exe -E vs_link_exe --intdir=CMakeFiles\cmTC_ff542.dir --rc=C:\PROGRA~2\WI3CF2~1\10\bin\100190~1.0\x86\rc.exe --mt=C:\PROGRA~2\WI3CF2~1\10\bin\100190~1.0\x86\mt.exe --manifests -- C:\PROGRA~2\MICROS~4\2019\COMMUN~1\VC\Tools\MSVC\1429~1.301\bin\Hostx86\x86\link.exe /nologo @CMakeFiles\cmTC_ff542.dir\objects1.rsp @C:\Users\ANONYM~1\AppData\Local\Temp\nm1B98.tmp



